<?xml version="1.0" encoding="UTF-8"?>
<!-- Generated by org.testng.reporters.JUnitXMLReporter -->
<testsuite hostname="HW2337" ignored="0" name="test-2" tests="1" failures="0" timestamp="24 May 2017 09:42:16 GMT" time="0.016" errors="0">
  <testcase name="display" time="0.016" classname="com.work.workci.TestParameters"/>
</testsuite> <!-- test-2 -->
