<?xml version="1.0" encoding="UTF-8"?>
<!-- Generated by org.testng.reporters.JUnitXMLReporter -->
<testsuite hostname="HW2337" ignored="0" name="test-1" tests="1" failures="0" timestamp="23 May 2017 15:19:33 GMT" time="42.546" errors="0">
  <testcase name="TestWebMethodOne" time="42.528" classname="com.work.workci.TestWebOne"/>
</testsuite> <!-- test-1 -->
