<?xml version="1.0" encoding="UTF-8"?>
<!-- Generated by org.testng.reporters.JUnitXMLReporter -->
<testsuite hostname="HW2337" ignored="0" name="test-1" tests="1" failures="0" timestamp="23 May 2017 14:04:19 GMT" time="0.038" errors="0">
  <testcase name="testMethodOne" time="0.012" classname="com.work.workci.TestOne"/>
</testsuite> <!-- test-1 -->
