<?xml version="1.0" encoding="UTF-8"?>
<!-- Generated by org.testng.reporters.JUnitReportReporter -->
<testsuite skipped="0" hostname="HW2337" name="com.work.workci.TestWebOne" tests="1" failures="0" timestamp="23 May 2017 14:14:16 GMT" time="20.772" errors="0">
  <testcase name="TestWebMethodOne" time="20.772" classname="com.work.workci.TestWebOne"/>
</testsuite> <!-- com.work.workci.TestWebOne -->
