<?xml version="1.0" encoding="UTF-8"?>
<!-- Generated by org.testng.reporters.JUnitReportReporter -->
<testsuite skipped="0" hostname="HW2337" name="com.work.workci.GenerateXML" tests="1" failures="0" timestamp="24 May 2017 12:51:09 GMT" time="22.852" errors="0">
  <testcase name="generate" time="22.852" classname="com.work.workci.GenerateXML"/>
</testsuite> <!-- com.work.workci.GenerateXML -->
