<?xml version="1.0" encoding="UTF-8"?>
<!-- Generated by org.testng.reporters.JUnitReportReporter -->
<testsuite skipped="0" hostname="HW2337" name="com.work.workci.XMLDynamic$CreateXmlFileViaCode" tests="1" failures="0" timestamp="24 May 2017 13:05:06 GMT" time="0.016" errors="0">
  <testcase name="generatedXMLfile" time="0.016" classname="com.work.workci.XMLDynamic$CreateXmlFileViaCode"/>
</testsuite> <!-- com.work.workci.XMLDynamic$CreateXmlFileViaCode -->
