<?xml version="1.0" encoding="UTF-8"?>
<!-- Generated by org.testng.reporters.JUnitReportReporter -->
<testsuite skipped="0" hostname="HW2337" name="com.work.workci.TestParameters" tests="1" failures="0" timestamp="24 May 2017 09:42:16 GMT" time="0.016" errors="0">
  <testcase name="display" time="0.016" classname="com.work.workci.TestParameters"/>
</testsuite> <!-- com.work.workci.TestParameters -->
