<?xml version="1.0" encoding="UTF-8"?>
<!-- Generated by org.testng.reporters.JUnitReportReporter -->
<testsuite skipped="0" hostname="HW2337" name="com.work.workci.TestOne" tests="1" failures="0" timestamp="23 May 2017 15:17:43 GMT" time="0.005" errors="0">
  <testcase name="testMethodOne" time="0.005" classname="com.work.workci.TestOne"/>
</testsuite> <!-- com.work.workci.TestOne -->
