<?xml version="1.0" encoding="UTF-8"?>
<!-- Generated by org.testng.reporters.JUnitReportReporter -->
<testsuite skipped="0" hostname="HW2337" name="com.work.workci.TestWebOne" tests="1" failures="0" timestamp="23 May 2017 15:19:34 GMT" time="42.528" errors="0">
  <testcase name="TestWebMethodOne" time="42.528" classname="com.work.workci.TestWebOne"/>
</testsuite> <!-- com.work.workci.TestWebOne -->
